<?xml version="1.0" encoding="UTF-8"?>
<!-- Generated by org.testng.reporters.JUnitReportReporter -->
<testsuite hostname="LAPTOP-KQEP0MCP" failures="0" tests="3" name="apiTestpackages.ApiTests" time="1.739" errors="0" timestamp="2023-05-07T14:04:52 IST" skipped="0">
  <testcase classname="apiTestpackages.ApiTests" name="test_createUserAPi" time="1.629"/>
  <system-out/>
  <testcase classname="apiTestpackages.ApiTests" name="test_deleteUser" time="0.066"/>
  <system-out/>
  <testcase classname="apiTestpackages.ApiTests" name="test_getSingleUser" time="0.044"/>
  <system-out/>
</testsuite> <!-- apiTestpackages.ApiTests -->
