<?xml version="1.0" encoding="UTF-8"?>
<!-- Generated by org.testng.reporters.JUnitReportReporter -->
<testsuite hostname="LAPTOP-KQEP0MCP" failures="0" tests="1" name="apiTestpackages.GetApiTest" time="1.536" errors="0" timestamp="2023-05-13T14:13:38 IST" skipped="0">
  <testcase classname="apiTestpackages.GetApiTest" name="test_createUserAPiUsingPojo" time="1.536"/>
  <system-out/>
</testsuite> <!-- apiTestpackages.GetApiTest -->
